<?xml version="1.0" encoding="UTF-8"?>
<!-- Generated by org.testng.reporters.JUnitReportReporter -->
<testsuite hostname="TYC1221031" failures="0" tests="1" name="grid.Ptc2Test" time="2.627" errors="0" timestamp="2023-12-01T12:33:46 IST" skipped="0">
  <testcase classname="grid.Ptc2Test" name="m2Test" time="2.627"/>
  <system-out/>
</testsuite> <!-- grid.Ptc2Test -->
