<?xml version="1.0" encoding="UTF-8"?>
<!-- Generated by org.testng.reporters.JUnitReportReporter -->
<testsuite hostname="TYC1221031" failures="0" tests="1" name="grid.Ptc1Test" time="1.359" errors="0" timestamp="2023-12-01T12:33:45 IST" skipped="0">
  <testcase classname="grid.Ptc1Test" name="m1Test" time="1.359"/>
  <system-out/>
</testsuite> <!-- grid.Ptc1Test -->
