<?xml version="1.0" encoding="UTF-8"?>
<!-- Generated by org.testng.reporters.JUnitReportReporter -->
<testsuite hostname="TYC1221031" failures="0" tests="1" name="grid.GridExec" time="8.772" errors="0" timestamp="2023-12-01T11:26:14 IST" skipped="0">
  <testcase classname="grid.GridExec" name="sample" time="8.772"/>
  <system-out/>
</testsuite> <!-- grid.GridExec -->
